mode: set
github.com/amupxm/go-money/stringer.go:5.32,7.2 1 1
github.com/amupxm/go-money/stringer.go:9.30,11.33 2 1
github.com/amupxm/go-money/stringer.go:14.2,15.13 2 1
github.com/amupxm/go-money/stringer.go:18.2,18.63 1 1
github.com/amupxm/go-money/stringer.go:11.33,13.3 1 1
github.com/amupxm/go-money/stringer.go:15.13,17.3 1 1
github.com/amupxm/go-money/database.go:10.44,12.2 1 1
github.com/amupxm/go-money/database.go:14.49,17.15 3 1
github.com/amupxm/go-money/database.go:22.2,22.29 1 1
github.com/amupxm/go-money/database.go:25.2,25.35 1 1
github.com/amupxm/go-money/database.go:28.2,28.18 1 1
github.com/amupxm/go-money/database.go:43.2,44.16 2 1
github.com/amupxm/go-money/database.go:47.2,50.12 3 1
github.com/amupxm/go-money/database.go:17.15,18.43 1 1
github.com/amupxm/go-money/database.go:18.43,20.4 1 1
github.com/amupxm/go-money/database.go:22.29,24.3 1 1
github.com/amupxm/go-money/database.go:25.35,27.3 1 1
github.com/amupxm/go-money/database.go:29.21,31.47 1 1
github.com/amupxm/go-money/database.go:34.22,35.19 1 1
github.com/amupxm/go-money/database.go:36.78,37.35 1 1
github.com/amupxm/go-money/database.go:38.83,39.36 1 1
github.com/amupxm/go-money/database.go:40.10,41.54 1 1
github.com/amupxm/go-money/database.go:31.47,33.4 1 1
github.com/amupxm/go-money/database.go:44.16,46.3 1 1
github.com/amupxm/go-money/marshaler.go:8.44,10.2 1 1
github.com/amupxm/go-money/marshaler.go:12.45,15.16 3 1
github.com/amupxm/go-money/marshaler.go:18.2,20.16 3 1
github.com/amupxm/go-money/marshaler.go:24.2,25.12 2 1
github.com/amupxm/go-money/marshaler.go:15.16,17.3 1 0
github.com/amupxm/go-money/marshaler.go:20.16,22.3 1 0
github.com/amupxm/go-money/math.go:3.24,4.33 1 1
github.com/amupxm/go-money/math.go:7.2,7.10 1 1
github.com/amupxm/go-money/math.go:4.33,6.3 1 1
github.com/amupxm/go-money/math.go:10.29,13.2 2 1
github.com/amupxm/go-money/math.go:14.36,16.2 1 1
github.com/amupxm/go-money/math.go:18.57,20.2 1 1
github.com/amupxm/go-money/math.go:22.29,24.2 1 1
github.com/amupxm/go-money/money.go:18.29,20.2 1 1
github.com/amupxm/go-money/money.go:22.39,24.38 1 1
github.com/amupxm/go-money/money.go:32.2,33.30 2 1
github.com/amupxm/go-money/money.go:38.2,45.27 6 1
github.com/amupxm/go-money/money.go:48.2,50.31 2 1
github.com/amupxm/go-money/money.go:54.2,56.19 2 1
github.com/amupxm/go-money/money.go:61.2,61.31 1 1
github.com/amupxm/go-money/money.go:69.2,69.32 1 1
github.com/amupxm/go-money/money.go:96.2,96.32 1 1
github.com/amupxm/go-money/money.go:101.2,101.59 1 0
github.com/amupxm/go-money/money.go:24.38,26.17 2 1
github.com/amupxm/go-money/money.go:29.3,29.11 1 1
github.com/amupxm/go-money/money.go:26.17,28.4 1 0
github.com/amupxm/go-money/money.go:33.30,36.3 2 1
github.com/amupxm/go-money/money.go:45.27,47.3 1 1
github.com/amupxm/go-money/money.go:50.31,52.3 1 1
github.com/amupxm/go-money/money.go:56.19,58.3 1 1
github.com/amupxm/go-money/money.go:61.31,65.3 3 1
github.com/amupxm/go-money/money.go:69.32,74.29 3 1
github.com/amupxm/go-money/money.go:81.3,81.17 1 1
github.com/amupxm/go-money/money.go:84.3,84.18 1 1
github.com/amupxm/go-money/money.go:88.3,88.23 1 1
github.com/amupxm/go-money/money.go:91.3,94.23 3 1
github.com/amupxm/go-money/money.go:74.29,75.16 1 1
github.com/amupxm/go-money/money.go:75.16,77.5 1 1
github.com/amupxm/go-money/money.go:77.10,78.10 1 1
github.com/amupxm/go-money/money.go:81.17,83.4 1 1
github.com/amupxm/go-money/money.go:84.18,87.4 1 1
github.com/amupxm/go-money/money.go:88.23,90.4 1 1
github.com/amupxm/go-money/money.go:96.32,99.3 2 1
github.com/amupxm/go-money/money.go:104.42,109.2 1 1
github.com/amupxm/go-money/money.go:110.25,112.11 2 1
github.com/amupxm/go-money/money.go:116.2,120.9 2 1
github.com/amupxm/go-money/money.go:124.2,124.10 1 1
github.com/amupxm/go-money/money.go:112.11,115.3 2 1
github.com/amupxm/go-money/money.go:120.9,123.3 2 1
